<?xml version="1.0" encoding="UTF-8"?>
<!-- Generated by org.testng.reporters.JUnitReportReporter -->
<testsuite hostname="DESKTOP-P7QTQUC" failures="0" tests="1" name="cucumberOptions.TestNGTestRunner" time="0.159" errors="0" timestamp="2023-07-25T01:09:14 IST" skipped="0">
  <testcase classname="cucumberOptions.TestNGTestRunner" name="runScenario" time="0.159"/>
  <system-out/>
</testsuite> <!-- cucumberOptions.TestNGTestRunner -->
